<?xml version="1.0" encoding="UTF-8"?>
<testng-results ignored="1" total="2" passed="1" failed="0" skipped="0">
  <reporter-output>
  </reporter-output>
  <suite started-at="2023-03-17T13:04:10Z" name="Default suite" finished-at="2023-03-17T13:04:12Z" duration-ms="1546">
    <groups>
    </groups>
    <test started-at="2023-03-17T13:04:10Z" name="Default test" finished-at="2023-03-17T13:04:12Z" duration-ms="1546">
      <class name="org.excel.template.ExcelTest">
        <test-method signature="test2()[pri:0, instance:org.excel.template.ExcelTest@41294f8]" started-at="2023-03-17T13:04:10Z" name="test2" finished-at="2023-03-17T13:04:12Z" duration-ms="1490" status="PASS">
          <reporter-output>
          </reporter-output>
        </test-method> <!-- test2 -->
      </class> <!-- org.excel.template.ExcelTest -->
    </test> <!-- Default test -->
  </suite> <!-- Default suite -->
</testng-results>
